2016/07/08 4:08:18 にビルドを開始しました。
     1>ノード 2 上のプロジェクト "C:\Users\テツヤ\Documents\GitHub\CIPAdvection\CIPAdvection1\CIPAdvection1\CIPAdvection1.vcxproj" (Build ターゲット)。
     1>ClCompile:
         C:\Program Files (x86)\Microsoft Visual Studio 14.0\VC\bin\CL.exe /c /ZI /nologo /W3 /WX- /sdl /Od /Oy- /D _MBCS /Gm /EHsc /RTC1 /MDd /GS /fp:precise /Zc:wchar_t /Zc:forScope /Zc:inline /Fo"Debug\\" /Fd"Debug\vc140.pdb" /Gd /TP /analyze- /errorReport:prompt AdvectionScheme.cpp Cip.cpp Upwind.cpp testmain.cpp
         AdvectionScheme.cpp
         コードを生成中...
         コンパイル中...
         testmain.cpp
     1>c:\users\テツヤ\documents\github\cipadvection\cipadvection1\cipadvection1\testmain.cpp(12): warning C4244: 'return': 'double' から 'int' への変換です。データが失われる可能性があります。
     1>c:\users\テツヤ\documents\github\cipadvection\cipadvection1\cipadvection1\testmain.cpp(14): warning C4244: 'return': 'double' から 'int' への変換です。データが失われる可能性があります。
         Upwind.cpp
         Cip.cpp
         コードを生成中...
       Link:
         C:\Program Files (x86)\Microsoft Visual Studio 14.0\VC\bin\link.exe /ERRORREPORT:PROMPT /OUT:"C:\Users\テツヤ\Documents\GitHub\CIPAdvection\CIPAdvection1\Debug\CIPAdvection1.exe" /INCREMENTAL /NOLOGO kernel32.lib user32.lib gdi32.lib winspool.lib comdlg32.lib advapi32.lib shell32.lib ole32.lib oleaut32.lib uuid.lib odbc32.lib odbccp32.lib /MANIFEST /MANIFESTUAC:"level='asInvoker' uiAccess='false'" /manifest:embed /DEBUG:FASTLINK /PDB:"C:\Users\テツヤ\Documents\GitHub\CIPAdvection\CIPAdvection1\Debug\CIPAdvection1.pdb" /TLBID:1 /DYNAMICBASE /NXCOMPAT /IMPLIB:"C:\Users\テツヤ\Documents\GitHub\CIPAdvection\CIPAdvection1\Debug\CIPAdvection1.lib" /MACHINE:X86 Debug\AdvectionScheme.obj
         Debug\Cip.obj
         Debug\GnuplotFileManager.obj
         Debug\testmain.obj
         Debug\Upwind.obj
         CIPAdvection1.vcxproj -> C:\Users\テツヤ\Documents\GitHub\CIPAdvection\CIPAdvection1\Debug\CIPAdvection1.exe
     1>プロジェクト "C:\Users\テツヤ\Documents\GitHub\CIPAdvection\CIPAdvection1\CIPAdvection1\CIPAdvection1.vcxproj" (Build ターゲット) のビルドが完了しました。

ビルドに成功しました。

経過時間 00:00:04.63
